<?xml version="1.0" encoding="UTF-8"?>
<!-- Generated by org.testng.reporters.JUnitReportReporter -->
<testsuite hostname="Chiranjeevi-PC" failures="0" tests="1" name="com.infosys.opencart.tests.LoginTest" time="5.335" errors="0" timestamp="2025-08-23T15:45:20 IST" skipped="0">
  <testcase classname="com.infosys.opencart.tests.LoginTest" name="verify_login_test" time="5.335"/>
</testsuite> <!-- com.infosys.opencart.tests.LoginTest -->
