<?xml version="1.0" encoding="UTF-8"?>
<!-- Generated by org.testng.reporters.JUnitReportReporter -->
<testsuite hostname="Chiranjeevi-PC" failures="0" tests="2" name="com.infosys.opencart.tests.LoginTest" time="17.117" errors="0" timestamp="2025-08-10T17:56:38 IST" skipped="0">
  <testcase classname="com.infosys.opencart.tests.LoginTest" name="verify_login_test" time="12.296"/>
  <testcase classname="com.infosys.opencart.tests.LoginTest" name="verify_login_test" time="4.821"/>
</testsuite> <!-- com.infosys.opencart.tests.LoginTest -->
