<?xml version="1.0" encoding="UTF-8"?>
<!-- Generated by org.testng.reporters.JUnitReportReporter -->
<testsuite hostname="Chiranjeevi-PC" failures="0" tests="3" name="com.infosys.opencart.tests.LoginTest" time="34.570" errors="0" timestamp="2025-08-10T13:20:31 IST" skipped="0">
  <testcase classname="com.infosys.opencart.tests.LoginTest" name="verify_login_test" time="9.518"/>
  <testcase classname="com.infosys.opencart.tests.LoginTest" name="verify_login_test" time="14.235"/>
  <testcase classname="com.infosys.opencart.tests.LoginTest" name="verify_login_test" time="10.817"/>
</testsuite> <!-- com.infosys.opencart.tests.LoginTest -->
