<?xml version="1.0" encoding="UTF-8"?>
<!-- Generated by org.testng.reporters.JUnitReportReporter -->
<testsuite hostname="Chiranjeevi-PC" failures="0" tests="3" name="com.infosys.opencart.tests.RegistrationTest" time="59.206" errors="0" timestamp="2025-08-10T13:20:31 IST" skipped="0">
  <testcase classname="com.infosys.opencart.tests.RegistrationTest" name="valid_Account_registration_test" time="17.557"/>
  <testcase classname="com.infosys.opencart.tests.RegistrationTest" name="valid_Account_registration_test" time="14.286"/>
  <testcase classname="com.infosys.opencart.tests.RegistrationTest" name="valid_Account_registration_test" time="27.363"/>
</testsuite> <!-- com.infosys.opencart.tests.RegistrationTest -->
