<?xml version="1.0" encoding="UTF-8"?>
<!-- Generated by org.testng.reporters.JUnitReportReporter -->
<testsuite hostname="Chiranjeevi-PC" failures="0" tests="2" name="com.infosys.opencart.tests.RegistrationTest" time="19.645" errors="0" timestamp="2025-08-10T17:56:38 IST" skipped="0">
  <testcase classname="com.infosys.opencart.tests.RegistrationTest" name="valid_Account_registration_test" time="7.343"/>
  <testcase classname="com.infosys.opencart.tests.RegistrationTest" name="valid_Account_registration_test" time="12.302"/>
</testsuite> <!-- com.infosys.opencart.tests.RegistrationTest -->
